<?xml version="1.0" encoding="UTF-8"?>
<!-- Generated by org.testng.reporters.JUnitReportReporter -->
<testsuite hostname="040693" failures="0" tests="1" name="com.PersonalLinesInsurance.TestClasses.TC_03VerifyHowOldEachMember" time="7.637" errors="0" timestamp="2022-12-21T17:06:27 IST" skipped="0">
  <testcase classname="com.PersonalLinesInsurance.TestClasses.TC_03VerifyHowOldEachMember" name="verifyAgeFunctionality" time="7.637"/>
  <system-out/>
</testsuite> <!-- com.PersonalLinesInsurance.TestClasses.TC_03VerifyHowOldEachMember -->
