<?xml version="1.0" encoding="UTF-8"?>
<!-- Generated by org.testng.reporters.JUnitReportReporter -->
<testsuite hostname="040693" failures="0" tests="2" name="com.PersonalLinesInsurance.TestClasses.TC_01VerifyClickOnHealthCareFunctionality" time="8.425" errors="0" timestamp="2022-12-13T22:36:04 IST" skipped="0">
  <testcase classname="com.PersonalLinesInsurance.TestClasses.TC_01VerifyClickOnHealthCareFunctionality" name="veifyClickOnHealthInsuranceFunctionality" time="3.180"/>
  <system-out/>
  <testcase classname="com.PersonalLinesInsurance.TestClasses.TC_01VerifyClickOnHealthCareFunctionality" name="verifyHealthInsuranceTitle" time="5.245"/>
  <system-out/>
</testsuite> <!-- com.PersonalLinesInsurance.TestClasses.TC_01VerifyClickOnHealthCareFunctionality -->
