<?xml version="1.0" encoding="UTF-8"?>
<!-- Generated by org.testng.reporters.JUnitReportReporter -->
<testsuite hostname="040693" failures="0" tests="1" name="com.PersonalLinesInsurance.TestClasses.TC_04VerifyWhereDoYouLiveTestClass" time="12.408" errors="0" timestamp="2022-12-21T23:39:22 IST" skipped="0">
  <testcase classname="com.PersonalLinesInsurance.TestClasses.TC_04VerifyWhereDoYouLiveTestClass" name="VerfiyCityFunctionality" time="12.408"/>
  <system-out/>
</testsuite> <!-- com.PersonalLinesInsurance.TestClasses.TC_04VerifyWhereDoYouLiveTestClass -->
