<?xml version="1.0" encoding="UTF-8"?>
<!-- Generated by org.testng.reporters.JUnitReportReporter -->
<testsuite hostname="040693" failures="0" tests="1" name="com.PersonalLinesInsurance.TestClasses.TC_02VerifyWhoWouldYouLikeToInsure" time="7.896" errors="0" timestamp="2022-12-13T22:37:49 IST" skipped="0">
  <testcase classname="com.PersonalLinesInsurance.TestClasses.TC_02VerifyWhoWouldYouLikeToInsure" name="VerifyHealthInsuredFunctionality" time="7.896"/>
  <system-out/>
</testsuite> <!-- com.PersonalLinesInsurance.TestClasses.TC_02VerifyWhoWouldYouLikeToInsure -->
