<?xml version="1.0" encoding="UTF-8"?>
<!-- Generated by org.testng.reporters.JUnitReportReporter -->
<testsuite hostname="040693" failures="0" tests="2" name="com.PersonalLinesInsurance.TestClasses.TC_01VerifyClickOnHealthCareFunctionality" time="8.080" errors="0" timestamp="2022-12-12T22:25:32 IST" skipped="0">
  <testcase classname="com.PersonalLinesInsurance.TestClasses.TC_01VerifyClickOnHealthCareFunctionality" name="veifyClickOnHealthInsuranceFunctionality" time="4.805"/>
  <system-out/>
  <testcase classname="com.PersonalLinesInsurance.TestClasses.TC_01VerifyClickOnHealthCareFunctionality" name="verifyHealthInsuranceTitle" time="3.275"/>
  <system-out/>
</testsuite> <!-- com.PersonalLinesInsurance.TestClasses.TC_01VerifyClickOnHealthCareFunctionality -->
